

================================================================
== Vivado HLS Report for 'hls_macc'
================================================================
* Date:           Wed Jan  6 12:45:55 2021

* Version:        2019.2 (Build 2704478 on Wed Nov 06 22:10:23 MST 2019)
* Project:        waka
* Solution:       solution1
* Product family: zynq
* Target device:  xc7z020-clg484-1


================================================================
== Performance Estimates
================================================================
+ Timing: 
    * Summary: 
    +--------+----------+----------+------------+
    |  Clock |  Target  | Estimated| Uncertainty|
    +--------+----------+----------+------------+
    |ap_clk  | 10.00 ns | 8.742 ns |   1.25 ns  |
    +--------+----------+----------+------------+

+ Latency: 
    * Summary: 
    +---------+---------+-----------+-----------+-----+-----+---------+
    |  Latency (cycles) |   Latency (absolute)  |  Interval | Pipeline|
    |   min   |   max   |    min    |    max    | min | max |   Type  |
    +---------+---------+-----------+-----------+-----+-----+---------+
    |        1|        2| 10.000 ns | 20.000 ns |    1|    2|   none  |
    +---------+---------+-----------+-----------+-----+-----+---------+

    + Detail: 
        * Instance: 
        N/A

        * Loop: 
        N/A



================================================================
== Utilization Estimates
================================================================
* Summary: 
+-----------------+---------+-------+--------+-------+-----+
|       Name      | BRAM_18K| DSP48E|   FF   |  LUT  | URAM|
+-----------------+---------+-------+--------+-------+-----+
|DSP              |        -|      -|       -|      -|    -|
|Expression       |        -|      -|       0|    622|    -|
|FIFO             |        -|      -|       -|      -|    -|
|Instance         |        -|      -|       -|      -|    -|
|Memory           |        -|      -|       -|      -|    -|
|Multiplexer      |        -|      -|       -|     48|    -|
|Register         |        -|      -|     165|      -|    -|
+-----------------+---------+-------+--------+-------+-----+
|Total            |        0|      0|     165|    670|    0|
+-----------------+---------+-------+--------+-------+-----+
|Available        |      280|    220|  106400|  53200|    0|
+-----------------+---------+-------+--------+-------+-----+
|Utilization (%)  |        0|      0|   ~0   |      1|    0|
+-----------------+---------+-------+--------+-------+-----+

+ Detail: 
    * Instance: 
    N/A

    * DSP48E: 
    N/A

    * Memory: 
    N/A

    * FIFO: 
    N/A

    * Expression: 
    +---------------------+----------+-------+---+----+------------+------------+
    |    Variable Name    | Operation| DSP48E| FF| LUT| Bitwidth P0| Bitwidth P1|
    +---------------------+----------+-------+---+----+------------+------------+
    |add_ln12_fu_229_p2   |     +    |      0|  0|  32|          32|          32|
    |add_ln21_fu_253_p2   |     +    |      0|  0|  32|          32|          32|
    |add_ln26_fu_265_p2   |     +    |      0|  0|  32|          32|          32|
    |add_ln28_fu_303_p2   |     +    |      0|  0|  39|          32|          32|
    |add_ln30_fu_309_p2   |     +    |      0|  0|  39|          32|          32|
    |add_ln31_fu_315_p2   |     +    |      0|  0|  32|          32|          32|
    |ap_return            |     +    |      0|  0|  32|          32|          32|
    |t11_fu_235_p2        |     +    |      0|  0|  32|          32|          32|
    |t23_fu_259_p2        |     +    |      0|  0|  32|          32|          32|
    |t26_1_fu_271_p2      |     +    |      0|  0|  32|          32|          32|
    |t26_fu_287_p2        |     +    |      0|  0|  32|          32|          32|
    |out13                |     -    |      0|  0|  39|          32|          32|
    |t16_1_fu_298_p2      |     -    |      0|  0|  39|          32|          32|
    |t16_fu_277_p2        |     -    |      0|  0|  39|          32|          32|
    |t25_fu_283_p2        |     -    |      0|  0|  32|          32|          32|
    |t5_fu_216_p2         |     -    |      0|  0|  39|          32|          32|
    |icmp_ln13_fu_241_p2  |   icmp   |      0|  0|  18|          32|          32|
    |icmp_ln18_fu_247_p2  |   icmp   |      0|  0|  18|          32|          32|
    |t26_2_fu_292_p3      |  select  |      0|  0|  32|           1|          32|
    +---------------------+----------+-------+---+----+------------+------------+
    |Total                |          |      0|  0| 622|         577|         608|
    +---------------------+----------+-------+---+----+------------+------------+

    * Multiplexer: 
    +--------------------------------+----+-----------+-----+-----------+
    |              Name              | LUT| Input Size| Bits| Total Bits|
    +--------------------------------+----+-----------+-----+-----------+
    |ap_NS_fsm                       |  21|          4|    1|          4|
    |ap_phi_mux_t16_0_phi_fu_210_p4  |   9|          2|   32|         64|
    |out30_o                         |   9|          2|   32|         64|
    |t16_0_reg_207                   |   9|          2|   32|         64|
    +--------------------------------+----+-----------+-----+-----------+
    |Total                           |  48|         10|   97|        196|
    +--------------------------------+----+-----------+-----+-----------+

    * Register: 
    +-------------------+----+----+-----+-----------+
    |        Name       | FF | LUT| Bits| Const Bits|
    +-------------------+----+----+-----+-----------+
    |ap_CS_fsm          |   3|   0|    3|          0|
    |icmp_ln13_reg_356  |   1|   0|    1|          0|
    |icmp_ln18_reg_360  |   1|   0|    1|          0|
    |sub_ln11_reg_351   |  32|   0|   32|          0|
    |t16_0_reg_207      |  32|   0|   32|          0|
    |t16_1_reg_380      |  32|   0|   32|          0|
    |t23_reg_365        |  32|   0|   32|          0|
    |t26_1_reg_370      |  32|   0|   32|          0|
    +-------------------+----+----+-----+-----------+
    |Total              | 165|   0|  165|          0|
    +-------------------+----+----+-----+-----------+



================================================================
== Interface
================================================================
* Summary: 
+----------------+-----+-----+------------+--------------+--------------+
|    RTL Ports   | Dir | Bits|  Protocol  | Source Object|    C Type    |
+----------------+-----+-----+------------+--------------+--------------+
|ap_clk          |  in |    1| ap_ctrl_hs |   hls_macc   | return value |
|ap_rst          |  in |    1| ap_ctrl_hs |   hls_macc   | return value |
|ap_start        |  in |    1| ap_ctrl_hs |   hls_macc   | return value |
|ap_done         | out |    1| ap_ctrl_hs |   hls_macc   | return value |
|ap_idle         | out |    1| ap_ctrl_hs |   hls_macc   | return value |
|ap_ready        | out |    1| ap_ctrl_hs |   hls_macc   | return value |
|ap_return       | out |   32| ap_ctrl_hs |   hls_macc   | return value |
|in1             |  in |   32|   ap_none  |      in1     |    scalar    |
|in2             |  in |   32|   ap_none  |      in2     |    scalar    |
|in3             |  in |   32|   ap_none  |      in3     |    scalar    |
|in4             |  in |   32|   ap_none  |      in4     |    scalar    |
|in7             |  in |   32|   ap_none  |      in7     |    scalar    |
|in8             |  in |   32|   ap_none  |      in8     |    scalar    |
|in9             |  in |   32|   ap_none  |      in9     |    scalar    |
|in10            |  in |   32|   ap_none  |     in10     |    scalar    |
|in14            |  in |   32|   ap_none  |     in14     |    scalar    |
|in12            |  in |   32|   ap_none  |     in12     |    scalar    |
|in15            |  in |   32|   ap_none  |     in15     |    scalar    |
|in17            |  in |   32|   ap_none  |     in17     |    scalar    |
|in19            |  in |   32|   ap_none  |     in19     |    scalar    |
|in20            |  in |   32|   ap_none  |     in20     |    scalar    |
|in22            |  in |   32|   ap_none  |     in22     |    scalar    |
|in24            |  in |   32|   ap_none  |     in24     |    scalar    |
|in27            |  in |   32|   ap_none  |     in27     |    scalar    |
|in28            |  in |   32|   ap_none  |     in28     |    scalar    |
|in29            |  in |   32|   ap_none  |     in29     |    scalar    |
|in32            |  in |   32|   ap_none  |     in32     |    scalar    |
|out13           | out |   32|   ap_vld   |     out13    |    pointer   |
|out13_ap_vld    | out |    1|   ap_vld   |     out13    |    pointer   |
|out30_i         |  in |   32|   ap_ovld  |     out30    |    pointer   |
|out30_o         | out |   32|   ap_ovld  |     out30    |    pointer   |
|out30_o_ap_vld  | out |    1|   ap_ovld  |     out30    |    pointer   |
|out31           | out |   32|   ap_vld   |     out31    |    pointer   |
|out31_ap_vld    | out |    1|   ap_vld   |     out31    |    pointer   |
+----------------+-----+-----+------------+--------------+--------------+

