

================================================================
== Vivado HLS Report for 'hls_macc'
================================================================
* Date:           Wed Jan  6 12:39:07 2021

* Version:        2019.2 (Build 2704478 on Wed Nov 06 22:10:23 MST 2019)
* Project:        no_consant
* Solution:       solution1
* Product family: zynq
* Target device:  xc7z020-clg484-1


================================================================
== Performance Estimates
================================================================
+ Timing: 
    * Summary: 
    +--------+----------+----------+------------+
    |  Clock |  Target  | Estimated| Uncertainty|
    +--------+----------+----------+------------+
    |ap_clk  | 10.00 ns | 8.510 ns |   1.25 ns  |
    +--------+----------+----------+------------+

+ Latency: 
    * Summary: 
    +---------+---------+-----------+-----------+-----+-----+---------+
    |  Latency (cycles) |   Latency (absolute)  |  Interval | Pipeline|
    |   min   |   max   |    min    |    max    | min | max |   Type  |
    +---------+---------+-----------+-----------+-----+-----+---------+
    |        4|        4| 40.000 ns | 40.000 ns |    4|    4|   none  |
    +---------+---------+-----------+-----------+-----+-----+---------+

    + Detail: 
        * Instance: 
        N/A

        * Loop: 
        N/A



================================================================
== Utilization Estimates
================================================================
* Summary: 
+-----------------+---------+-------+--------+-------+-----+
|       Name      | BRAM_18K| DSP48E|   FF   |  LUT  | URAM|
+-----------------+---------+-------+--------+-------+-----+
|DSP              |        -|      -|       -|      -|    -|
|Expression       |        -|     21|       0|    659|    -|
|FIFO             |        -|      -|       -|      -|    -|
|Instance         |        -|      -|       -|      -|    -|
|Memory           |        -|      -|       -|      -|    -|
|Multiplexer      |        -|      -|       -|     33|    -|
|Register         |        -|      -|     327|      -|    -|
+-----------------+---------+-------+--------+-------+-----+
|Total            |        0|     21|     327|    692|    0|
+-----------------+---------+-------+--------+-------+-----+
|Available        |      280|    220|  106400|  53200|    0|
+-----------------+---------+-------+--------+-------+-----+
|Utilization (%)  |        0|      9|   ~0   |      1|    0|
+-----------------+---------+-------+--------+-------+-----+

+ Detail: 
    * Instance: 
    N/A

    * DSP48E: 
    N/A

    * Memory: 
    N/A

    * FIFO: 
    N/A

    * Expression: 
    +----------------------+----------+-------+---+----+------------+------------+
    |     Variable Name    | Operation| DSP48E| FF| LUT| Bitwidth P0| Bitwidth P1|
    +----------------------+----------+-------+---+----+------------+------------+
    |op3_fu_167_p2         |     *    |      3|  0|  20|          32|          32|
    |op4_fu_127_p2         |     *    |      3|  0|  20|          32|          32|
    |op5_2_fu_139_p2       |     *    |      3|  0|  20|          32|          32|
    |op5_fu_133_p2         |     *    |      3|  0|  20|          32|          32|
    |op6_3_fu_172_p2       |     *    |      3|  0|  20|          32|          32|
    |op7_fu_176_p2         |     *    |      3|  0|  20|          32|          32|
    |op8_fu_180_p2         |     *    |      3|  0|  20|          32|          32|
    |add_ln47_fu_210_p2    |     +    |      0|  0|  32|          32|          32|
    |add_ln49_fu_220_p2    |     +    |      0|  0|  32|          32|          32|
    |add_ln52_1_fu_236_p2  |     +    |      0|  0|  39|          32|          32|
    |add_ln52_fu_230_p2    |     +    |      0|  0|  32|          32|          32|
    |ap_return1            |     +    |      0|  0|  32|          32|          32|
    |op13_fu_215_p2        |     +    |      0|  0|  32|          32|          32|
    |op14_fu_225_p2        |     +    |      0|  0|  32|          32|          32|
    |op5_1_fu_150_p2       |     +    |      0|  0|  39|          32|          32|
    |op6_1_fu_188_p2       |     -    |      0|  0|  39|          32|          32|
    |op6_4_fu_199_p2       |     -    |      0|  0|  39|          32|          32|
    |op6_fu_184_p2         |     -    |      0|  0|  39|          32|          32|
    |icmp_ln16_fu_145_p2   |   icmp   |      0|  0|  18|          32|           4|
    |icmp_ln27_fu_162_p2   |   icmp   |      0|  0|  18|          32|          32|
    |op5_3_fu_155_p3       |  select  |      0|  0|  32|           1|          32|
    |op6_2_fu_192_p3       |  select  |      0|  0|  32|           1|          32|
    |op6_5_fu_203_p3       |  select  |      0|  0|  32|           1|          32|
    +----------------------+----------+-------+---+----+------------+------------+
    |Total                 |          |     21|  0| 659|         643|         708|
    +----------------------+----------+-------+---+----+------------+------------+

    * Multiplexer: 
    +-----------+----+-----------+-----+-----------+
    |    Name   | LUT| Input Size| Bits| Total Bits|
    +-----------+----+-----------+-----+-----------+
    |ap_NS_fsm  |  33|          6|    1|          6|
    +-----------+----+-----------+-----+-----------+
    |Total      |  33|          6|    1|          6|
    +-----------+----+-----------+-----+-----------+

    * Register: 
    +-------------------+----+----+-----+-----------+
    |        Name       | FF | LUT| Bits| Const Bits|
    +-------------------+----+----+-----+-----------+
    |ap_CS_fsm          |   5|   0|    5|          0|
    |icmp_ln16_reg_291  |   1|   0|    1|          0|
    |icmp_ln27_reg_301  |   1|   0|    1|          0|
    |op13_reg_326       |  32|   0|   32|          0|
    |op14_reg_332       |  32|   0|   32|          0|
    |op3_reg_306        |  32|   0|   32|          0|
    |op4_reg_273        |  32|   0|   32|          0|
    |op5_1_reg_296      |  32|   0|   32|          0|
    |op5_2_reg_285      |  32|   0|   32|          0|
    |op5_reg_280        |  32|   0|   32|          0|
    |op6_3_reg_311      |  32|   0|   32|          0|
    |op7_reg_316        |  32|   0|   32|          0|
    |op8_reg_321        |  32|   0|   32|          0|
    +-------------------+----+----+-----+-----------+
    |Total              | 327|   0|  327|          0|
    +-------------------+----+----+-----+-----------+



================================================================
== Interface
================================================================
* Summary: 
+-------------------+-----+-----+------------+--------------+--------------+
|     RTL Ports     | Dir | Bits|  Protocol  | Source Object|    C Type    |
+-------------------+-----+-----+------------+--------------+--------------+
|ap_clk             |  in |    1| ap_ctrl_hs |   hls_macc   | return value |
|ap_rst             |  in |    1| ap_ctrl_hs |   hls_macc   | return value |
|ap_start           |  in |    1| ap_ctrl_hs |   hls_macc   | return value |
|ap_done            | out |    1| ap_ctrl_hs |   hls_macc   | return value |
|ap_idle            | out |    1| ap_ctrl_hs |   hls_macc   | return value |
|ap_ready           | out |    1| ap_ctrl_hs |   hls_macc   | return value |
|i1                 |  in |   32|   ap_none  |      i1      |    scalar    |
|i2                 |  in |   32|   ap_none  |      i2      |    scalar    |
|i3                 |  in |   32|   ap_none  |      i3      |    scalar    |
|i4                 |  in |   32|   ap_none  |      i4      |    scalar    |
|i6                 |  in |   32|   ap_none  |      i6      |    scalar    |
|o1                 | out |   32|   ap_vld   |      o1      |    pointer   |
|o1_ap_vld          | out |    1|   ap_vld   |      o1      |    pointer   |
|o2                 | out |   32|   ap_vld   |      o2      |    pointer   |
|o2_ap_vld          | out |    1|   ap_vld   |      o2      |    pointer   |
|o3                 |  in |   32|   ap_none  |      o3      |    pointer   |
|o4                 |  in |   32|   ap_none  |      o4      |    pointer   |
|G1                 |  in |   32|   ap_none  |      G1      |    scalar    |
|G2                 |  in |   32|   ap_none  |      G2      |    scalar    |
|G3                 |  in |   32|   ap_none  |      G3      |    scalar    |
|G4                 |  in |   32|   ap_none  |      G4      |    scalar    |
|GG1                |  in |   32|   ap_none  |      GG1     |    scalar    |
|GG2                |  in |   32|   ap_none  |      GG2     |    scalar    |
|ap_return1         | out |   32|   ap_vld   |  ap_return1  |    pointer   |
|ap_return1_ap_vld  | out |    1|   ap_vld   |  ap_return1  |    pointer   |
+-------------------+-----+-----+------------+--------------+--------------+

