==============================================================
Vivado(TM) HLS - High-Level Synthesis from C, C++ and SystemC v2019.2 (64-bit)
Copyright 1986-2019 Xilinx, Inc. All Rights Reserved.
==============================================================
INFO: [SYN 201-201] Setting up clock 'default' with a period of 10ns.
INFO: [HLS 200-10] Setting target device to 'xc7z020-clg484-1'
INFO: [SYN 201-201] Setting up clock 'default' with a period of 10ns.
INFO: [SCHED 204-61] Option 'relax_ii_for_timing' is enabled, will increase II to preserve clock frequency constraints.
INFO: [HLS 200-10] Analyzing design file 'no_branch.c' ... 
INFO: [HLS 200-111] Finished Linking Time (s): cpu = 00:00:02 ; elapsed = 00:00:12 . Memory (MB): peak = 185.594 ; gain = 93.176
INFO: [HLS 200-111] Finished Checking Pragmas Time (s): cpu = 00:00:02 ; elapsed = 00:00:12 . Memory (MB): peak = 185.594 ; gain = 93.176
INFO: [HLS 200-10] Starting code transformations ...
INFO: [HLS 200-111] Finished Standard Transforms Time (s): cpu = 00:00:02 ; elapsed = 00:00:13 . Memory (MB): peak = 185.594 ; gain = 93.176
INFO: [HLS 200-10] Checking synthesizability ...
INFO: [HLS 200-111] Finished Checking Synthesizability Time (s): cpu = 00:00:02 ; elapsed = 00:00:13 . Memory (MB): peak = 185.594 ; gain = 93.176
INFO: [XFORM 203-11] Balancing expressions in function 'hls_macc' (no_branch.c:4)...9 expression(s) balanced.
INFO: [HLS 200-111] Finished Pre-synthesis Time (s): cpu = 00:00:02 ; elapsed = 00:00:13 . Memory (MB): peak = 185.594 ; gain = 93.176
INFO: [HLS 200-111] Finished Architecture Synthesis Time (s): cpu = 00:00:02 ; elapsed = 00:00:13 . Memory (MB): peak = 185.594 ; gain = 93.176
INFO: [HLS 200-10] Starting hardware synthesis ...
INFO: [HLS 200-10] Synthesizing 'hls_macc' ...
INFO: [HLS 200-10] ----------------------------------------------------------------
INFO: [HLS 200-42] -- Implementing module 'hls_macc' 
INFO: [HLS 200-10] ----------------------------------------------------------------
INFO: [SCHED 204-11] Starting scheduling ...
INFO: [SCHED 204-11] Finished scheduling.
INFO: [HLS 200-111]  Elapsed time: 13.037 seconds; current allocated memory: 100.394 MB.
INFO: [BIND 205-100] Starting micro-architecture generation ...
INFO: [BIND 205-101] Performing variable lifetime analysis.
INFO: [BIND 205-101] Exploring resource sharing.
INFO: [BIND 205-101] Binding ...
INFO: [BIND 205-100] Finished micro-architecture generation.
INFO: [HLS 200-111]  Elapsed time: 0.139 seconds; current allocated memory: 100.612 MB.
INFO: [HLS 200-10] ----------------------------------------------------------------
INFO: [HLS 200-10] -- Generating RTL for module 'hls_macc' 
INFO: [HLS 200-10] ----------------------------------------------------------------
INFO: [RTGEN 206-500] Setting interface mode on port 'hls_macc/i1' to 'ap_none'.
INFO: [RTGEN 206-500] Setting interface mode on port 'hls_macc/i2' to 'ap_none'.
INFO: [RTGEN 206-500] Setting interface mode on port 'hls_macc/i3' to 'ap_none'.
INFO: [RTGEN 206-500] Setting interface mode on port 'hls_macc/i4' to 'ap_none'.
INFO: [RTGEN 206-500] Setting interface mode on port 'hls_macc/i5' to 'ap_none'.
INFO: [RTGEN 206-500] Setting interface mode on port 'hls_macc/i6' to 'ap_none'.
INFO: [RTGEN 206-500] Setting interface mode on port 'hls_macc/o1' to 'ap_vld'.
INFO: [RTGEN 206-500] Setting interface mode on port 'hls_macc/o2' to 'ap_vld'.
INFO: [RTGEN 206-500] Setting interface mode on port 'hls_macc/o3' to 'ap_vld'.
INFO: [RTGEN 206-500] Setting interface mode on port 'hls_macc/o4' to 'ap_vld'.
INFO: [RTGEN 206-500] Setting interface mode on port 'hls_macc/G1' to 'ap_none'.
INFO: [RTGEN 206-500] Setting interface mode on port 'hls_macc/G2' to 'ap_none'.
INFO: [RTGEN 206-500] Setting interface mode on port 'hls_macc/G3' to 'ap_none'.
INFO: [RTGEN 206-500] Setting interface mode on port 'hls_macc/G4' to 'ap_none'.
INFO: [RTGEN 206-500] Setting interface mode on port 'hls_macc/GG1' to 'ap_none'.
INFO: [RTGEN 206-500] Setting interface mode on port 'hls_macc/GG2' to 'ap_none'.
INFO: [RTGEN 206-500] Setting interface mode on port 'hls_macc/ap_return1' to 'ap_vld'.
INFO: [RTGEN 206-500] Setting interface mode on function 'hls_macc' to 'ap_ctrl_hs'.
WARNING: [RTGEN 206-101] Port 'hls_macc/G3' has no fanin or fanout and is left dangling.
               Please use C simulation to confirm this function argument can be read from or written to.
WARNING: [RTGEN 206-101] Port 'hls_macc/G4' has no fanin or fanout and is left dangling.
               Please use C simulation to confirm this function argument can be read from or written to.
INFO: [RTGEN 206-100] Finished creating RTL model for 'hls_macc'.
INFO: [HLS 200-111]  Elapsed time: 0.261 seconds; current allocated memory: 101.027 MB.
INFO: [HLS 200-789] **** Estimated Fmax: 117.51 MHz
INFO: [HLS 200-111] Finished generating all RTL models Time (s): cpu = 00:00:04 ; elapsed = 00:00:16 . Memory (MB): peak = 185.594 ; gain = 93.176
INFO: [VHDL 208-304] Generating VHDL RTL for hls_macc.
INFO: [VLOG 209-307] Generating Verilog RTL for hls_macc.
INFO: [HLS 200-112] Total elapsed time: 15.719 seconds; peak allocated memory: 101.027 MB.
