

================================================================
== Vivado HLS Report for 'parker'
================================================================
* Date:           Wed Jan  6 14:00:34 2021

* Version:        2019.2 (Build 2704478 on Wed Nov 06 22:10:23 MST 2019)
* Project:        parker
* Solution:       solution1
* Product family: zynq
* Target device:  xc7z020-clg484-1


================================================================
== Performance Estimates
================================================================
+ Timing: 
    * Summary: 
    +--------+----------+----------+------------+
    |  Clock |  Target  | Estimated| Uncertainty|
    +--------+----------+----------+------------+
    |ap_clk  | 10.00 ns | 7.656 ns |   1.25 ns  |
    +--------+----------+----------+------------+

+ Latency: 
    * Summary: 
    +---------+---------+-----------+-----------+-----+-----+---------+
    |  Latency (cycles) |   Latency (absolute)  |  Interval | Pipeline|
    |   min   |   max   |    min    |    max    | min | max |   Type  |
    +---------+---------+-----------+-----------+-----+-----+---------+
    |        1|        1| 10.000 ns | 10.000 ns |    1|    1|   none  |
    +---------+---------+-----------+-----------+-----+-----+---------+

    + Detail: 
        * Instance: 
        N/A

        * Loop: 
        N/A



================================================================
== Utilization Estimates
================================================================
* Summary: 
+-----------------+---------+-------+--------+-------+-----+
|       Name      | BRAM_18K| DSP48E|   FF   |  LUT  | URAM|
+-----------------+---------+-------+--------+-------+-----+
|DSP              |        -|      -|       -|      -|    -|
|Expression       |        -|      -|       0|    729|    -|
|FIFO             |        -|      -|       -|      -|    -|
|Instance         |        -|      -|       -|      -|    -|
|Memory           |        -|      -|       -|      -|    -|
|Multiplexer      |        -|      -|       -|     15|    -|
|Register         |        -|      -|      34|      -|    -|
+-----------------+---------+-------+--------+-------+-----+
|Total            |        0|      0|      34|    744|    0|
+-----------------+---------+-------+--------+-------+-----+
|Available        |      280|    220|  106400|  53200|    0|
+-----------------+---------+-------+--------+-------+-----+
|Utilization (%)  |        0|      0|   ~0   |      1|    0|
+-----------------+---------+-------+--------+-------+-----+

+ Detail: 
    * Instance: 
    N/A

    * DSP48E: 
    N/A

    * Memory: 
    N/A

    * FIFO: 
    N/A

    * Expression: 
    +---------------------+----------+-------+---+----+------------+------------+
    |    Variable Name    | Operation| DSP48E| FF| LUT| Bitwidth P0| Bitwidth P1|
    +---------------------+----------+-------+---+----+------------+------------+
    |out1_1_fu_197_p2     |     +    |      0|  0|  39|          32|           4|
    |out1_fu_192_p2       |     +    |      0|  0|  39|          32|           4|
    |t4_1_fu_116_p2       |     +    |      0|  0|  39|          32|           3|
    |t6_3_fu_84_p2        |     +    |      0|  0|  39|          32|          32|
    |t6_6_fu_144_p2       |     +    |      0|  0|  39|          32|          32|
    |t6_fu_161_p2         |     +    |      0|  0|  39|          32|           3|
    |sub_ln21_fu_66_p2    |     -    |      0|  0|  39|           1|          32|
    |t4_2_fu_122_p2       |     -    |      0|  0|  39|          32|          32|
    |t4_fu_104_p2         |     -    |      0|  0|  39|          32|          32|
    |t6_1_fu_166_p2       |     -    |      0|  0|  39|           4|          32|
    |t6_4_fu_90_p2        |     -    |      0|  0|  39|           1|          32|
    |icmp_ln19_fu_150_p2  |   icmp   |      0|  0|  18|          32|           1|
    |icmp_ln21_fu_72_p2   |   icmp   |      0|  0|  18|          32|          32|
    |icmp_ln24_fu_110_p2  |   icmp   |      0|  0|  18|          32|           3|
    |icmp_ln31_fu_78_p2   |   icmp   |      0|  0|  18|          32|           1|
    |icmp_ln41_fu_155_p2  |   icmp   |      0|  0|  18|          32|           1|
    |icmp_ln46_fu_186_p2  |   icmp   |      0|  0|  18|          32|           1|
    |ap_return            |  select  |      0|  0|  32|           1|          32|
    |t4_3_fu_128_p3       |  select  |      0|  0|  32|           1|          32|
    |t4_4_fu_136_p3       |  select  |      0|  0|  32|           1|          32|
    |t6_2_fu_171_p3       |  select  |      0|  0|  32|           1|          32|
    |t6_5_fu_96_p3        |  select  |      0|  0|  32|           1|          32|
    |t6_7_fu_179_p3       |  select  |      0|  0|  32|           1|          32|
    +---------------------+----------+-------+---+----+------------+------------+
    |Total                |          |      0|  0| 729|         460|         469|
    +---------------------+----------+-------+---+----+------------+------------+

    * Multiplexer: 
    +-----------+----+-----------+-----+-----------+
    |    Name   | LUT| Input Size| Bits| Total Bits|
    +-----------+----+-----------+-----+-----------+
    |ap_NS_fsm  |  15|          3|    1|          3|
    +-----------+----+-----------+-----+-----------+
    |Total      |  15|          3|    1|          3|
    +-----------+----+-----------+-----+-----------+

    * Register: 
    +--------------+----+----+-----+-----------+
    |     Name     | FF | LUT| Bits| Const Bits|
    +--------------+----+----+-----+-----------+
    |ap_CS_fsm     |   2|   0|    2|          0|
    |t6_6_reg_231  |  32|   0|   32|          0|
    +--------------+----+----+-----+-----------+
    |Total         |  34|   0|   34|          0|
    +--------------+----+----+-----+-----------+



================================================================
== Interface
================================================================
* Summary: 
+-----------+-----+-----+------------+--------------+--------------+
| RTL Ports | Dir | Bits|  Protocol  | Source Object|    C Type    |
+-----------+-----+-----+------------+--------------+--------------+
|ap_clk     |  in |    1| ap_ctrl_hs |    parker    | return value |
|ap_rst     |  in |    1| ap_ctrl_hs |    parker    | return value |
|ap_start   |  in |    1| ap_ctrl_hs |    parker    | return value |
|ap_done    | out |    1| ap_ctrl_hs |    parker    | return value |
|ap_idle    | out |    1| ap_ctrl_hs |    parker    | return value |
|ap_ready   | out |    1| ap_ctrl_hs |    parker    | return value |
|ap_return  | out |   32| ap_ctrl_hs |    parker    | return value |
|in1        |  in |   32|   ap_none  |      in1     |    scalar    |
|in2        |  in |   32|   ap_none  |      in2     |    scalar    |
|in3        |  in |   32|   ap_none  |      in3     |    scalar    |
|in4        |  in |   32|   ap_none  |      in4     |    scalar    |
|in5        |  in |   32|   ap_none  |      in5     |    scalar    |
|in6        |  in |   32|   ap_none  |      in6     |    scalar    |
+-----------+-----+-----+------------+--------------+--------------+

